<?xml version="1.0" encoding="UTF-8"?>
<coverage generated="1687935654749" clover="3.2.0">
  <project timestamp="1687935654750" name="All files">
    <metrics statements="144" coveredstatements="128" conditionals="36" coveredconditionals="35" methods="30" coveredmethods="25" elements="210" coveredelements="188" complexity="0" loc="144" ncloc="144" packages="10" files="13" classes="13"/>
    <package name="actions">
      <metrics statements="2" coveredstatements="2" conditionals="0" coveredconditionals="0" methods="0" coveredmethods="0"/>
      <file name="actionTypes.ts" path="D:\ReactProject\employee-dashboard\src\actions\actionTypes.ts">
        <metrics statements="2" coveredstatements="2" conditionals="0" coveredconditionals="0" methods="0" coveredmethods="0"/>
        <line num="1" count="4" type="stmt"/>
        <line num="2" count="4" type="stmt"/>
      </file>
    </package>
    <package name="components.BarGraph">
      <metrics statements="17" coveredstatements="17" conditionals="14" coveredconditionals="13" methods="3" coveredmethods="3"/>
      <file name="BarGraph.tsx" path="D:\ReactProject\employee-dashboard\src\components\BarGraph\BarGraph.tsx">
        <metrics statements="17" coveredstatements="17" conditionals="14" coveredconditionals="13" methods="3" coveredmethods="3"/>
        <line num="1" count="1" type="stmt"/>
        <line num="2" count="1" type="stmt"/>
        <line num="5" count="1" type="stmt"/>
        <line num="17" count="8" type="stmt"/>
        <line num="18" count="8" type="stmt"/>
        <line num="20" count="8" type="stmt"/>
        <line num="21" count="4" type="stmt"/>
        <line num="22" count="4" type="stmt"/>
        <line num="23" count="4" type="stmt"/>
        <line num="24" count="4" type="stmt"/>
        <line num="25" count="4" type="stmt"/>
        <line num="27" count="4" type="stmt"/>
        <line num="34" count="4" type="stmt"/>
        <line num="69" count="4" type="stmt"/>
        <line num="70" count="4" type="stmt"/>
        <line num="73" count="8" type="stmt"/>
        <line num="80" count="1" type="stmt"/>
      </file>
    </package>
    <package name="components.ChartTiles">
      <metrics statements="3" coveredstatements="3" conditionals="0" coveredconditionals="0" methods="1" coveredmethods="1"/>
      <file name="ChartTiles.tsx" path="D:\ReactProject\employee-dashboard\src\components\ChartTiles\ChartTiles.tsx">
        <metrics statements="3" coveredstatements="3" conditionals="0" coveredconditionals="0" methods="1" coveredmethods="1"/>
        <line num="1" count="1" type="stmt"/>
        <line num="6" count="8" type="stmt"/>
        <line num="15" count="1" type="stmt"/>
      </file>
    </package>
    <package name="components.Form">
      <metrics statements="9" coveredstatements="9" conditionals="0" coveredconditionals="0" methods="3" coveredmethods="3"/>
      <file name="FormInput.tsx" path="D:\ReactProject\employee-dashboard\src\components\Form\FormInput.tsx">
        <metrics statements="4" coveredstatements="4" conditionals="0" coveredconditionals="0" methods="1" coveredmethods="1"/>
        <line num="2" count="1" type="stmt"/>
        <line num="7" count="33" type="stmt"/>
        <line num="9" count="33" type="stmt"/>
        <line num="19" count="1" type="stmt"/>
      </file>
      <file name="FormRadio.tsx" path="D:\ReactProject\employee-dashboard\src\components\Form\FormRadio.tsx">
        <metrics statements="5" coveredstatements="5" conditionals="0" coveredconditionals="0" methods="2" coveredmethods="2"/>
        <line num="1" count="1" type="stmt"/>
        <line num="4" count="1" type="stmt"/>
        <line num="9" count="11" type="stmt"/>
        <line num="14" count="22" type="stmt"/>
        <line num="32" count="1" type="stmt"/>
      </file>
    </package>
    <package name="components.PieChart">
      <metrics statements="6" coveredstatements="6" conditionals="2" coveredconditionals="2" methods="1" coveredmethods="1"/>
      <file name="PieChart.tsx" path="D:\ReactProject\employee-dashboard\src\components\PieChart\PieChart.tsx">
        <metrics statements="6" coveredstatements="6" conditionals="2" coveredconditionals="2" methods="1" coveredmethods="1"/>
        <line num="1" count="1" type="stmt"/>
        <line num="4" count="1" type="stmt"/>
        <line num="12" count="4" type="stmt"/>
        <line num="23" count="4" type="stmt"/>
        <line num="33" count="4" type="stmt"/>
        <line num="40" count="1" type="stmt"/>
      </file>
    </package>
    <package name="components.Table">
      <metrics statements="8" coveredstatements="8" conditionals="0" coveredconditionals="0" methods="1" coveredmethods="1"/>
      <file name="EmployeeTable.tsx" path="D:\ReactProject\employee-dashboard\src\components\Table\EmployeeTable.tsx">
        <metrics statements="8" coveredstatements="8" conditionals="0" coveredconditionals="0" methods="1" coveredmethods="1"/>
        <line num="1" count="2" type="stmt"/>
        <line num="2" count="2" type="stmt"/>
        <line num="3" count="2" type="stmt"/>
        <line num="4" count="2" type="stmt"/>
        <line num="5" count="2" type="stmt"/>
        <line num="7" count="2" type="stmt"/>
        <line num="8" count="6" type="stmt"/>
        <line num="9" count="6" type="stmt"/>
      </file>
    </package>
    <package name="context">
      <metrics statements="21" coveredstatements="5" conditionals="0" coveredconditionals="0" methods="5" coveredmethods="0"/>
      <file name="EmployeeContext.tsx" path="D:\ReactProject\employee-dashboard\src\context\EmployeeContext.tsx">
        <metrics statements="21" coveredstatements="5" conditionals="0" coveredconditionals="0" methods="5" coveredmethods="0"/>
        <line num="1" count="3" type="stmt"/>
        <line num="3" count="3" type="stmt"/>
        <line num="4" count="3" type="stmt"/>
        <line num="15" count="3" type="stmt"/>
        <line num="22" count="3" type="stmt"/>
        <line num="24" count="0" type="stmt"/>
        <line num="25" count="0" type="stmt"/>
        <line num="30" count="0" type="stmt"/>
        <line num="31" count="0" type="stmt"/>
        <line num="32" count="0" type="stmt"/>
        <line num="33" count="0" type="stmt"/>
        <line num="34" count="0" type="stmt"/>
        <line num="35" count="0" type="stmt"/>
        <line num="36" count="0" type="stmt"/>
        <line num="37" count="0" type="stmt"/>
        <line num="39" count="0" type="stmt"/>
        <line num="40" count="0" type="stmt"/>
        <line num="43" count="0" type="stmt"/>
        <line num="52" count="0" type="stmt"/>
        <line num="53" count="0" type="stmt"/>
        <line num="57" count="0" type="stmt"/>
      </file>
    </package>
    <package name="pages">
      <metrics statements="44" coveredstatements="44" conditionals="7" coveredconditionals="7" methods="9" coveredmethods="9"/>
      <file name="AddEmployee.tsx" path="D:\ReactProject\employee-dashboard\src\pages\AddEmployee.tsx">
        <metrics statements="27" coveredstatements="27" conditionals="5" coveredconditionals="5" methods="7" coveredmethods="7"/>
        <line num="1" count="1" type="stmt"/>
        <line num="2" count="1" type="stmt"/>
        <line num="3" count="1" type="stmt"/>
        <line num="4" count="1" type="stmt"/>
        <line num="5" count="1" type="stmt"/>
        <line num="7" count="1" type="stmt"/>
        <line num="8" count="1" type="stmt"/>
        <line num="11" count="11" type="stmt"/>
        <line num="12" count="11" type="stmt"/>
        <line num="14" count="11" type="stmt"/>
        <line num="20" count="11" type="stmt"/>
        <line num="21" count="11" type="cond" truecount="5" falsecount="0"/>
        <line num="23" count="11" type="stmt"/>
        <line num="29" count="11" type="stmt"/>
        <line num="30" count="1" type="stmt"/>
        <line num="31" count="1" type="stmt"/>
        <line num="32" count="1" type="stmt"/>
        <line num="35" count="11" type="stmt"/>
        <line num="36" count="3" type="stmt"/>
        <line num="37" count="3" type="stmt"/>
        <line num="40" count="11" type="stmt"/>
        <line num="41" count="3" type="stmt"/>
        <line num="44" count="11" type="stmt"/>
        <line num="45" count="1" type="stmt"/>
        <line num="48" count="11" type="stmt"/>
        <line num="64" count="1" type="stmt"/>
        <line num="70" count="1" type="stmt"/>
      </file>
      <file name="Dashboard.tsx" path="D:\ReactProject\employee-dashboard\src\pages\Dashboard.tsx">
        <metrics statements="17" coveredstatements="17" conditionals="2" coveredconditionals="2" methods="2" coveredmethods="2"/>
        <line num="1" count="1" type="stmt"/>
        <line num="2" count="1" type="stmt"/>
        <line num="3" count="1" type="stmt"/>
        <line num="4" count="1" type="stmt"/>
        <line num="5" count="1" type="stmt"/>
        <line num="6" count="1" type="stmt"/>
        <line num="7" count="1" type="stmt"/>
        <line num="8" count="1" type="stmt"/>
        <line num="9" count="1" type="stmt"/>
        <line num="10" count="1" type="stmt"/>
        <line num="14" count="5" type="stmt"/>
        <line num="15" count="5" type="stmt"/>
        <line num="16" count="5" type="stmt"/>
        <line num="17" count="5" type="stmt"/>
        <line num="19" count="5" type="stmt"/>
        <line num="24" count="1" type="stmt"/>
        <line num="47" count="1" type="stmt"/>
      </file>
    </package>
    <package name="reducers">
      <metrics statements="6" coveredstatements="6" conditionals="3" coveredconditionals="3" methods="1" coveredmethods="1"/>
      <file name="EmployeeReducer.ts" path="D:\ReactProject\employee-dashboard\src\reducers\EmployeeReducer.ts">
        <metrics statements="6" coveredstatements="6" conditionals="3" coveredconditionals="3" methods="1" coveredmethods="1"/>
        <line num="2" count="4" type="stmt"/>
        <line num="4" count="4" type="stmt"/>
        <line num="5" count="3" type="cond" truecount="3" falsecount="0"/>
        <line num="7" count="1" type="stmt"/>
        <line num="9" count="1" type="stmt"/>
        <line num="11" count="1" type="stmt"/>
      </file>
    </package>
    <package name="utility">
      <metrics statements="28" coveredstatements="28" conditionals="10" coveredconditionals="10" methods="6" coveredmethods="6"/>
      <file name="employeeDetail.ts" path="D:\ReactProject\employee-dashboard\src\utility\employeeDetail.ts">
        <metrics statements="14" coveredstatements="14" conditionals="2" coveredconditionals="2" methods="5" coveredmethods="5"/>
        <line num="11" count="10" type="stmt"/>
        <line num="13" count="10" type="stmt"/>
        <line num="14" count="20" type="stmt"/>
        <line num="15" count="20" type="cond" truecount="2" falsecount="0"/>
        <line num="18" count="10" type="stmt"/>
        <line num="27" count="1" type="stmt"/>
        <line num="28" count="5" type="stmt"/>
        <line num="30" count="5" type="stmt"/>
        <line num="35" count="5" type="stmt"/>
        <line num="45" count="1" type="stmt"/>
        <line num="46" count="5" type="stmt"/>
        <line num="48" count="5" type="stmt"/>
        <line num="49" count="5" type="stmt"/>
        <line num="51" count="5" type="stmt"/>
      </file>
      <file name="validateForm.ts" path="D:\ReactProject\employee-dashboard\src\utility\validateForm.ts">
        <metrics statements="14" coveredstatements="14" conditionals="8" coveredconditionals="8" methods="1" coveredmethods="1"/>
        <line num="3" count="2" type="stmt"/>
        <line num="4" count="7" type="stmt"/>
        <line num="5" count="7" type="cond" truecount="1" falsecount="0"/>
        <line num="6" count="2" type="cond" truecount="1" falsecount="0"/>
        <line num="7" count="2" type="stmt"/>
        <line num="10" count="7" type="cond" truecount="1" falsecount="0"/>
        <line num="11" count="2" type="cond" truecount="1" falsecount="0"/>
        <line num="12" count="2" type="stmt"/>
        <line num="16" count="7" type="cond" truecount="1" falsecount="0"/>
        <line num="17" count="3" type="cond" truecount="2" falsecount="0"/>
        <line num="18" count="1" type="stmt"/>
        <line num="20" count="2" type="cond" truecount="1" falsecount="0"/>
        <line num="21" count="2" type="stmt"/>
        <line num="25" count="7" type="stmt"/>
      </file>
    </package>
  </project>
</coverage>
