{"D:\\ReactProject\\employee-dashboard\\src\\actions\\actionTypes.ts": {"path":"D:\\ReactProject\\employee-dashboard\\src\\actions\\actionTypes.ts","statementMap":{"0":{"start":{"line":1,"column":13},"end":{"line":1,"column":45}},"1":{"start":{"line":2,"column":13},"end":{"line":2,"column":43}}},"fnMap":{},"branchMap":{},"s":{"0":4,"1":4},"f":{},"b":{}}
,"D:\\ReactProject\\employee-dashboard\\src\\components\\BarGraph\\BarGraph.tsx": {"path":"D:\\ReactProject\\employee-dashboard\\src\\components\\BarGraph\\BarGraph.tsx","statementMap":{"0":{"start":{"line":1,"column":0},"end":{"line":1,"column":44}},"1":{"start":{"line":2,"column":0},"end":{"line":2,"column":41}},"2":{"start":{"line":5,"column":17},"end":{"line":78,"column":1}},"3":{"start":{"line":17,"column":38},"end":{"line":17,"column":50}},"4":{"start":{"line":18,"column":44},"end":{"line":18,"column":56}},"5":{"start":{"line":20,"column":4},"end":{"line":71,"column":164}},"6":{"start":{"line":21,"column":30},"end":{"line":21,"column":72}},"7":{"start":{"line":22,"column":26},"end":{"line":22,"column":72}},"8":{"start":{"line":23,"column":35},"end":{"line":23,"column":91}},"9":{"start":{"line":24,"column":30},"end":{"line":24,"column":80}},"10":{"start":{"line":25,"column":21},"end":{"line":33,"column":10}},"11":{"start":{"line":27,"column":49},"end":{"line":32,"column":14}},"12":{"start":{"line":34,"column":24},"end":{"line":67,"column":10}},"13":{"start":{"line":69,"column":8},"end":{"line":69,"column":27}},"14":{"start":{"line":70,"column":8},"end":{"line":70,"column":33}},"15":{"start":{"line":73,"column":4},"end":{"line":77,"column":6}},"16":{"start":{"line":80,"column":0},"end":{"line":80,"column":24}}},"fnMap":{"0":{"name":"(anonymous_0)","decl":{"start":{"line":5,"column":17},"end":{"line":5,"column":18}},"loc":{"start":{"line":16,"column":20},"end":{"line":78,"column":1}}},"1":{"name":"(anonymous_1)","decl":{"start":{"line":20,"column":14},"end":{"line":20,"column":17}},"loc":{"start":{"line":20,"column":19},"end":{"line":71,"column":5}}},"2":{"name":"(anonymous_2)","decl":{"start":{"line":27,"column":35},"end":{"line":27,"column":36}},"loc":{"start":{"line":27,"column":49},"end":{"line":32,"column":14}}}},"branchMap":{"0":{"loc":{"start":{"line":8,"column":4},"end":{"line":8,"column":31}},"type":"default-arg","locations":[{"start":{"line":8,"column":26},"end":{"line":8,"column":31}}]},"1":{"loc":{"start":{"line":9,"column":4},"end":{"line":9,"column":21}},"type":"default-arg","locations":[{"start":{"line":9,"column":18},"end":{"line":9,"column":21}}]},"2":{"loc":{"start":{"line":40,"column":35},"end":{"line":40,"column":63}},"type":"binary-expr","locations":[{"start":{"line":40,"column":35},"end":{"line":40,"column":50}},{"start":{"line":40,"column":54},"end":{"line":40,"column":63}}]},"3":{"loc":{"start":{"line":47,"column":31},"end":{"line":47,"column":67}},"type":"binary-expr","locations":[{"start":{"line":47,"column":31},"end":{"line":47,"column":45}},{"start":{"line":47,"column":49},"end":{"line":47,"column":67}}]},"4":{"loc":{"start":{"line":49,"column":36},"end":{"line":49,"column":62}},"type":"binary-expr","locations":[{"start":{"line":49,"column":36},"end":{"line":49,"column":55}},{"start":{"line":49,"column":59},"end":{"line":49,"column":62}}]},"5":{"loc":{"start":{"line":59,"column":31},"end":{"line":59,"column":67}},"type":"binary-expr","locations":[{"start":{"line":59,"column":31},"end":{"line":59,"column":45}},{"start":{"line":59,"column":49},"end":{"line":59,"column":67}}]},"6":{"loc":{"start":{"line":62,"column":31},"end":{"line":62,"column":62}},"type":"binary-expr","locations":[{"start":{"line":62,"column":31},"end":{"line":62,"column":45}},{"start":{"line":62,"column":49},"end":{"line":62,"column":62}}]},"7":{"loc":{"start":{"line":63,"column":36},"end":{"line":63,"column":91}},"type":"cond-expr","locations":[{"start":{"line":63,"column":68},"end":{"line":63,"column":83}},{"start":{"line":63,"column":86},"end":{"line":63,"column":91}}]}},"s":{"0":1,"1":1,"2":1,"3":8,"4":8,"5":8,"6":4,"7":4,"8":4,"9":4,"10":4,"11":4,"12":4,"13":4,"14":4,"15":8,"16":1},"f":{"0":8,"1":4,"2":4},"b":{"0":[8],"1":[8],"2":[4,4],"3":[4,4],"4":[4,4],"5":[4,4],"6":[4,4],"7":[0,4]}}
,"D:\\ReactProject\\employee-dashboard\\src\\components\\ChartTiles\\ChartTiles.tsx": {"path":"D:\\ReactProject\\employee-dashboard\\src\\components\\ChartTiles\\ChartTiles.tsx","statementMap":{"0":{"start":{"line":1,"column":0},"end":{"line":1,"column":26}},"1":{"start":{"line":6,"column":4},"end":{"line":11,"column":6}},"2":{"start":{"line":15,"column":0},"end":{"line":15,"column":26}}},"fnMap":{"0":{"name":"ChartTiles","decl":{"start":{"line":4,"column":9},"end":{"line":4,"column":19}},"loc":{"start":{"line":4,"column":56},"end":{"line":13,"column":1}}}},"branchMap":{},"s":{"0":1,"1":8,"2":1},"f":{"0":8},"b":{}}
,"D:\\ReactProject\\employee-dashboard\\src\\components\\Form\\FormInput.tsx": {"path":"D:\\ReactProject\\employee-dashboard\\src\\components\\Form\\FormInput.tsx","statementMap":{"0":{"start":{"line":2,"column":0},"end":{"line":2,"column":29}},"1":{"start":{"line":7,"column":81},"end":{"line":7,"column":86}},"2":{"start":{"line":9,"column":4},"end":{"line":15,"column":6}},"3":{"start":{"line":19,"column":0},"end":{"line":19,"column":25}}},"fnMap":{"0":{"name":"FormInput","decl":{"start":{"line":5,"column":9},"end":{"line":5,"column":18}},"loc":{"start":{"line":5,"column":36},"end":{"line":17,"column":1}}}},"branchMap":{},"s":{"0":1,"1":33,"2":33,"3":1},"f":{"0":33},"b":{}}
,"D:\\ReactProject\\employee-dashboard\\src\\components\\Form\\FormRadio.tsx": {"path":"D:\\ReactProject\\employee-dashboard\\src\\components\\Form\\FormRadio.tsx","statementMap":{"0":{"start":{"line":1,"column":0},"end":{"line":1,"column":26}},"1":{"start":{"line":4,"column":0},"end":{"line":4,"column":29}},"2":{"start":{"line":9,"column":4},"end":{"line":29,"column":null}},"3":{"start":{"line":14,"column":20},"end":{"line":14,"column":null}},"4":{"start":{"line":32,"column":0},"end":{"line":32,"column":25}}},"fnMap":{"0":{"name":"FormRadio","decl":{"start":{"line":7,"column":9},"end":{"line":7,"column":18}},"loc":{"start":{"line":7,"column":90},"end":{"line":30,"column":1}}},"1":{"name":"(anonymous_2)","decl":{"start":{"line":13,"column":29},"end":{"line":13,"column":30}},"loc":{"start":{"line":14,"column":20},"end":{"line":14,"column":null}}}},"branchMap":{},"s":{"0":1,"1":1,"2":11,"3":22,"4":1},"f":{"0":11,"1":22},"b":{}}
,"D:\\ReactProject\\employee-dashboard\\src\\components\\PieChart\\PieChart.tsx": {"path":"D:\\ReactProject\\employee-dashboard\\src\\components\\PieChart\\PieChart.tsx","statementMap":{"0":{"start":{"line":1,"column":0},"end":{"line":1,"column":41}},"1":{"start":{"line":4,"column":17},"end":{"line":38,"column":1}},"2":{"start":{"line":12,"column":22},"end":{"line":21,"column":6}},"3":{"start":{"line":23,"column":25},"end":{"line":31,"column":6}},"4":{"start":{"line":33,"column":4},"end":{"line":37,"column":6}},"5":{"start":{"line":40,"column":0},"end":{"line":40,"column":24}}},"fnMap":{"0":{"name":"(anonymous_0)","decl":{"start":{"line":4,"column":17},"end":{"line":4,"column":18}},"loc":{"start":{"line":11,"column":20},"end":{"line":38,"column":1}}}},"branchMap":{"0":{"loc":{"start":{"line":27,"column":27},"end":{"line":27,"column":56}},"type":"binary-expr","locations":[{"start":{"line":27,"column":27},"end":{"line":27,"column":43}},{"start":{"line":27,"column":47},"end":{"line":27,"column":56}}]}},"s":{"0":1,"1":1,"2":4,"3":4,"4":4,"5":1},"f":{"0":4},"b":{"0":[4,4]}}
,"D:\\ReactProject\\employee-dashboard\\src\\components\\Table\\EmployeeTable.tsx": {"path":"D:\\ReactProject\\employee-dashboard\\src\\components\\Table\\EmployeeTable.tsx","statementMap":{"0":{"start":{"line":1,"column":0},"end":{"line":1,"column":35}},"1":{"start":{"line":2,"column":0},"end":{"line":2,"column":64}},"2":{"start":{"line":3,"column":0},"end":{"line":3,"column":49}},"3":{"start":{"line":4,"column":0},"end":{"line":4,"column":43}},"4":{"start":{"line":5,"column":0},"end":{"line":5,"column":29}},"5":{"start":{"line":8,"column":24},"end":{"line":8,"column":51}},"6":{"start":{"line":9,"column":2},"end":{"line":16,"column":4}},"7":{"start":{"line":7,"column":0},"end":{"line":7,"column":24}}},"fnMap":{"0":{"name":"EmployeeTable","decl":{"start":{"line":7,"column":24},"end":{"line":7,"column":37}},"loc":{"start":{"line":7,"column":37},"end":{"line":17,"column":1}}}},"branchMap":{},"s":{"0":2,"1":2,"2":2,"3":2,"4":2,"5":6,"6":6,"7":2},"f":{"0":6},"b":{}}
,"D:\\ReactProject\\employee-dashboard\\src\\context\\EmployeeContext.tsx": {"path":"D:\\ReactProject\\employee-dashboard\\src\\context\\EmployeeContext.tsx","statementMap":{"0":{"start":{"line":1,"column":0},"end":{"line":1,"column":78}},"1":{"start":{"line":3,"column":0},"end":{"line":3,"column":62}},"2":{"start":{"line":4,"column":0},"end":{"line":4,"column":69}},"3":{"start":{"line":15,"column":13},"end":{"line":20,"column":3}},"4":{"start":{"line":22,"column":32},"end":{"line":63,"column":1}},"5":{"start":{"line":24,"column":38},"end":{"line":24,"column":61}},"6":{"start":{"line":25,"column":34},"end":{"line":25,"column":65}},"7":{"start":{"line":30,"column":4},"end":{"line":44,"column":11}},"8":{"start":{"line":31,"column":26},"end":{"line":42,"column":9}},"9":{"start":{"line":32,"column":12},"end":{"line":41,"column":null}},"10":{"start":{"line":33,"column":16},"end":{"line":33,"column":35}},"11":{"start":{"line":34,"column":33},"end":{"line":34,"column":58}},"12":{"start":{"line":35,"column":41},"end":{"line":35,"column":62}},"13":{"start":{"line":36,"column":16},"end":{"line":36,"column":69}},"14":{"start":{"line":37,"column":16},"end":{"line":37,"column":36}},"15":{"start":{"line":39,"column":16},"end":{"line":39,"column":35}},"16":{"start":{"line":40,"column":16},"end":{"line":40,"column":71}},"17":{"start":{"line":43,"column":8},"end":{"line":43,"column":20}},"18":{"start":{"line":52,"column":24},"end":{"line":54,"column":5}},"19":{"start":{"line":53,"column":8},"end":{"line":53,"column":64}},"20":{"start":{"line":57,"column":4},"end":{"line":61,"column":6}},"21":{"start":{"line":22,"column":13},"end":{"line":22,"column":32}}},"fnMap":{"0":{"name":"(anonymous_0)","decl":{"start":{"line":18,"column":19},"end":{"line":18,"column":22}},"loc":{"start":{"line":18,"column":24},"end":{"line":18,"column":28}}},"1":{"name":"(anonymous_1)","decl":{"start":{"line":22,"column":32},"end":{"line":22,"column":33}},"loc":{"start":{"line":22,"column":85},"end":{"line":63,"column":1}}},"2":{"name":"(anonymous_2)","decl":{"start":{"line":30,"column":14},"end":{"line":30,"column":17}},"loc":{"start":{"line":30,"column":19},"end":{"line":44,"column":5}}},"3":{"name":"(anonymous_3)","decl":{"start":{"line":31,"column":26},"end":{"line":31,"column":31}},"loc":{"start":{"line":31,"column":37},"end":{"line":42,"column":9}}},"4":{"name":"(anonymous_4)","decl":{"start":{"line":52,"column":24},"end":{"line":52,"column":25}},"loc":{"start":{"line":52,"column":53},"end":{"line":54,"column":5}}}},"branchMap":{},"s":{"0":3,"1":3,"2":3,"3":3,"4":3,"5":0,"6":0,"7":0,"8":0,"9":0,"10":0,"11":0,"12":0,"13":0,"14":0,"15":0,"16":0,"17":0,"18":0,"19":0,"20":0,"21":3},"f":{"0":0,"1":0,"2":0,"3":0,"4":0},"b":{}}
,"D:\\ReactProject\\employee-dashboard\\src\\pages\\AddEmployee.tsx": {"path":"D:\\ReactProject\\employee-dashboard\\src\\pages\\AddEmployee.tsx","statementMap":{"0":{"start":{"line":1,"column":0},"end":{"line":1,"column":45}},"1":{"start":{"line":2,"column":0},"end":{"line":2,"column":47}},"2":{"start":{"line":3,"column":0},"end":{"line":3,"column":53}},"3":{"start":{"line":4,"column":0},"end":{"line":4,"column":53}},"4":{"start":{"line":5,"column":0},"end":{"line":5,"column":61}},"5":{"start":{"line":7,"column":0},"end":{"line":7,"column":55}},"6":{"start":{"line":8,"column":0},"end":{"line":8,"column":26}},"7":{"start":{"line":11,"column":28},"end":{"line":11,"column":55}},"8":{"start":{"line":12,"column":21},"end":{"line":12,"column":34}},"9":{"start":{"line":14,"column":32},"end":{"line":19,"column":6}},"10":{"start":{"line":20,"column":36},"end":{"line":20,"column":67}},"11":{"start":{"line":21,"column":29},"end":{"line":21,"column":147}},"12":{"start":{"line":21,"column":67},"end":{"line":21,"column":74}},"13":{"start":{"line":23,"column":20},"end":{"line":26,"column":6}},"14":{"start":{"line":29,"column":25},"end":{"line":33,"column":5}},"15":{"start":{"line":30,"column":8},"end":{"line":30,"column":27}},"16":{"start":{"line":31,"column":8},"end":{"line":31,"column":28}},"17":{"start":{"line":32,"column":8},"end":{"line":32,"column":22}},"18":{"start":{"line":35,"column":23},"end":{"line":38,"column":5}},"19":{"start":{"line":36,"column":22},"end":{"line":36,"column":83}},"20":{"start":{"line":37,"column":8},"end":{"line":37,"column":null}},"21":{"start":{"line":40,"column":30},"end":{"line":42,"column":5}},"22":{"start":{"line":41,"column":8},"end":{"line":41,"column":null}},"23":{"start":{"line":44,"column":30},"end":{"line":46,"column":5}},"24":{"start":{"line":45,"column":8},"end":{"line":45,"column":null}},"25":{"start":{"line":48,"column":4},"end":{"line":67,"column":null}},"26":{"start":{"line":64,"column":39},"end":{"line":64,"column":52}},"27":{"start":{"line":70,"column":0},"end":{"line":70,"column":null}}},"fnMap":{"0":{"name":"AddEmployee","decl":{"start":{"line":10,"column":9},"end":{"line":10,"column":20}},"loc":{"start":{"line":10,"column":20},"end":{"line":68,"column":1}}},"1":{"name":"(anonymous_2)","decl":{"start":{"line":21,"column":56},"end":{"line":21,"column":57}},"loc":{"start":{"line":21,"column":67},"end":{"line":21,"column":74}}},"2":{"name":"(anonymous_3)","decl":{"start":{"line":29,"column":25},"end":{"line":29,"column":26}},"loc":{"start":{"line":29,"column":71},"end":{"line":33,"column":5}}},"3":{"name":"(anonymous_4)","decl":{"start":{"line":35,"column":23},"end":{"line":35,"column":24}},"loc":{"start":{"line":35,"column":72},"end":{"line":38,"column":5}}},"4":{"name":"(anonymous_5)","decl":{"start":{"line":40,"column":30},"end":{"line":40,"column":31}},"loc":{"start":{"line":40,"column":79},"end":{"line":42,"column":5}}},"5":{"name":"(anonymous_6)","decl":{"start":{"line":44,"column":30},"end":{"line":44,"column":31}},"loc":{"start":{"line":44,"column":79},"end":{"line":46,"column":5}}},"6":{"name":"(anonymous_7)","decl":{"start":{"line":64,"column":33},"end":{"line":64,"column":36}},"loc":{"start":{"line":64,"column":39},"end":{"line":64,"column":52}}}},"branchMap":{"0":{"loc":{"start":{"line":21,"column":29},"end":{"line":21,"column":147}},"type":"binary-expr","locations":[{"start":{"line":21,"column":29},"end":{"line":21,"column":75}},{"start":{"line":21,"column":79},"end":{"line":21,"column":91}},{"start":{"line":21,"column":95},"end":{"line":21,"column":111}},{"start":{"line":21,"column":115},"end":{"line":21,"column":129}},{"start":{"line":21,"column":133},"end":{"line":21,"column":147}}]}},"s":{"0":1,"1":1,"2":1,"3":1,"4":1,"5":1,"6":1,"7":11,"8":11,"9":11,"10":11,"11":11,"12":3,"13":11,"14":11,"15":1,"16":1,"17":1,"18":11,"19":3,"20":3,"21":11,"22":3,"23":11,"24":1,"25":11,"26":1,"27":1},"f":{"0":11,"1":3,"2":1,"3":3,"4":3,"5":1,"6":1},"b":{"0":[11,8,2,2,1]}}
,"D:\\ReactProject\\employee-dashboard\\src\\pages\\Dashboard.tsx": {"path":"D:\\ReactProject\\employee-dashboard\\src\\pages\\Dashboard.tsx","statementMap":{"0":{"start":{"line":1,"column":0},"end":{"line":1,"column":47}},"1":{"start":{"line":2,"column":0},"end":{"line":2,"column":35}},"2":{"start":{"line":3,"column":0},"end":{"line":3,"column":61}},"3":{"start":{"line":4,"column":0},"end":{"line":4,"column":62}},"4":{"start":{"line":5,"column":0},"end":{"line":5,"column":55}},"5":{"start":{"line":6,"column":0},"end":{"line":6,"column":61}},"6":{"start":{"line":7,"column":0},"end":{"line":7,"column":55}},"7":{"start":{"line":8,"column":0},"end":{"line":8,"column":77}},"8":{"start":{"line":9,"column":0},"end":{"line":9,"column":61}},"9":{"start":{"line":10,"column":0},"end":{"line":10,"column":25}},"10":{"start":{"line":14,"column":19},"end":{"line":14,"column":32}},"11":{"start":{"line":15,"column":35},"end":{"line":15,"column":62}},"12":{"start":{"line":16,"column":25},"end":{"line":16,"column":63}},"13":{"start":{"line":17,"column":23},"end":{"line":17,"column":59}},"14":{"start":{"line":19,"column":2},"end":{"line":44,"column":null}},"15":{"start":{"line":24,"column":71},"end":{"line":24,"column":96}},"16":{"start":{"line":47,"column":0},"end":{"line":47,"column":25}}},"fnMap":{"0":{"name":"Dashboard","decl":{"start":{"line":13,"column":9},"end":{"line":13,"column":18}},"loc":{"start":{"line":13,"column":18},"end":{"line":45,"column":1}}},"1":{"name":"(anonymous_2)","decl":{"start":{"line":24,"column":65},"end":{"line":24,"column":68}},"loc":{"start":{"line":24,"column":71},"end":{"line":24,"column":96}}}},"branchMap":{"0":{"loc":{"start":{"line":22,"column":7},"end":{"line":40,"column":null}},"type":"cond-expr","locations":[{"start":{"line":23,"column":8},"end":{"line":38,"column":19}},{"start":{"line":39,"column":8},"end":{"line":40,"column":null}}]}},"s":{"0":1,"1":1,"2":1,"3":1,"4":1,"5":1,"6":1,"7":1,"8":1,"9":1,"10":5,"11":5,"12":5,"13":5,"14":5,"15":1,"16":1},"f":{"0":5,"1":1},"b":{"0":[4,1]}}
,"D:\\ReactProject\\employee-dashboard\\src\\reducers\\EmployeeReducer.ts": {"path":"D:\\ReactProject\\employee-dashboard\\src\\reducers\\EmployeeReducer.ts","statementMap":{"0":{"start":{"line":2,"column":0},"end":{"line":2,"column":69}},"1":{"start":{"line":4,"column":31},"end":{"line":13,"column":1}},"2":{"start":{"line":5,"column":4},"end":{"line":12,"column":null}},"3":{"start":{"line":7,"column":12},"end":{"line":7,"column":48}},"4":{"start":{"line":9,"column":12},"end":{"line":9,"column":58}},"5":{"start":{"line":11,"column":12},"end":{"line":11,"column":25}},"6":{"start":{"line":4,"column":13},"end":{"line":4,"column":31}}},"fnMap":{"0":{"name":"(anonymous_0)","decl":{"start":{"line":4,"column":31},"end":{"line":4,"column":32}},"loc":{"start":{"line":4,"column":89},"end":{"line":13,"column":1}}}},"branchMap":{"0":{"loc":{"start":{"line":5,"column":4},"end":{"line":12,"column":null}},"type":"switch","locations":[{"start":{"line":6,"column":8},"end":{"line":7,"column":48}},{"start":{"line":8,"column":8},"end":{"line":9,"column":58}},{"start":{"line":10,"column":8},"end":{"line":11,"column":25}}]}},"s":{"0":4,"1":4,"2":3,"3":1,"4":1,"5":1,"6":4},"f":{"0":3},"b":{"0":[1,1,1]}}
,"D:\\ReactProject\\employee-dashboard\\src\\utility\\employeeDetail.ts": {"path":"D:\\ReactProject\\employee-dashboard\\src\\utility\\employeeDetail.ts","statementMap":{"0":{"start":{"line":11,"column":45},"end":{"line":11,"column":47}},"1":{"start":{"line":13,"column":4},"end":{"line":16,"column":7}},"2":{"start":{"line":14,"column":22},"end":{"line":14,"column":33}},"3":{"start":{"line":15,"column":8},"end":{"line":15,"column":69}},"4":{"start":{"line":18,"column":4},"end":{"line":18,"column":20}},"5":{"start":{"line":28,"column":21},"end":{"line":28,"column":45}},"6":{"start":{"line":30,"column":35},"end":{"line":33,"column":7}},"7":{"start":{"line":30,"column":84},"end":{"line":33,"column":6}},"8":{"start":{"line":35,"column":4},"end":{"line":35,"column":18}},"9":{"start":{"line":27,"column":0},"end":{"line":27,"column":16}},"10":{"start":{"line":46,"column":21},"end":{"line":46,"column":45}},"11":{"start":{"line":48,"column":29},"end":{"line":48,"column":50}},"12":{"start":{"line":49,"column":29},"end":{"line":49,"column":52}},"13":{"start":{"line":51,"column":4},"end":{"line":51,"column":44}},"14":{"start":{"line":45,"column":0},"end":{"line":45,"column":16}}},"fnMap":{"0":{"name":"countItems","decl":{"start":{"line":10,"column":9},"end":{"line":10,"column":19}},"loc":{"start":{"line":10,"column":60},"end":{"line":19,"column":1}}},"1":{"name":"(anonymous_1)","decl":{"start":{"line":13,"column":18},"end":{"line":13,"column":19}},"loc":{"start":{"line":13,"column":27},"end":{"line":16,"column":5}}},"2":{"name":"getBarGraphData","decl":{"start":{"line":27,"column":16},"end":{"line":27,"column":31}},"loc":{"start":{"line":27,"column":72},"end":{"line":36,"column":1}}},"3":{"name":"(anonymous_3)","decl":{"start":{"line":30,"column":64},"end":{"line":30,"column":65}},"loc":{"start":{"line":30,"column":84},"end":{"line":33,"column":6}}},"4":{"name":"getPieChartData","decl":{"start":{"line":45,"column":16},"end":{"line":45,"column":31}},"loc":{"start":{"line":45,"column":72},"end":{"line":52,"column":1}}}},"branchMap":{"0":{"loc":{"start":{"line":15,"column":35},"end":{"line":15,"column":63}},"type":"binary-expr","locations":[{"start":{"line":15,"column":35},"end":{"line":15,"column":58}},{"start":{"line":15,"column":62},"end":{"line":15,"column":63}}]}},"s":{"0":10,"1":10,"2":20,"3":20,"4":10,"5":5,"6":5,"7":5,"8":5,"9":1,"10":5,"11":5,"12":5,"13":5,"14":1},"f":{"0":10,"1":20,"2":5,"3":5,"4":5},"b":{"0":[20,15]}}
,"D:\\ReactProject\\employee-dashboard\\src\\utility\\validateForm.ts": {"path":"D:\\ReactProject\\employee-dashboard\\src\\utility\\validateForm.ts","statementMap":{"0":{"start":{"line":3,"column":28},"end":{"line":27,"column":1}},"1":{"start":{"line":4,"column":16},"end":{"line":4,"column":18}},"2":{"start":{"line":5,"column":4},"end":{"line":9,"column":null}},"3":{"start":{"line":6,"column":8},"end":{"line":8,"column":null}},"4":{"start":{"line":7,"column":12},"end":{"line":7,"column":39}},"5":{"start":{"line":10,"column":4},"end":{"line":14,"column":null}},"6":{"start":{"line":11,"column":8},"end":{"line":13,"column":null}},"7":{"start":{"line":12,"column":12},"end":{"line":12,"column":44}},"8":{"start":{"line":16,"column":4},"end":{"line":23,"column":null}},"9":{"start":{"line":17,"column":8},"end":{"line":22,"column":null}},"10":{"start":{"line":18,"column":12},"end":{"line":18,"column":41}},"11":{"start":{"line":20,"column":13},"end":{"line":22,"column":null}},"12":{"start":{"line":21,"column":12},"end":{"line":21,"column":53}},"13":{"start":{"line":25,"column":4},"end":{"line":25,"column":17}},"14":{"start":{"line":3,"column":13},"end":{"line":3,"column":28}}},"fnMap":{"0":{"name":"(anonymous_0)","decl":{"start":{"line":3,"column":28},"end":{"line":3,"column":29}},"loc":{"start":{"line":3,"column":81},"end":{"line":27,"column":1}}}},"branchMap":{"0":{"loc":{"start":{"line":5,"column":4},"end":{"line":9,"column":null}},"type":"if","locations":[{"start":{"line":5,"column":4},"end":{"line":9,"column":null}}]},"1":{"loc":{"start":{"line":6,"column":8},"end":{"line":8,"column":null}},"type":"if","locations":[{"start":{"line":6,"column":8},"end":{"line":8,"column":null}}]},"2":{"loc":{"start":{"line":10,"column":4},"end":{"line":14,"column":null}},"type":"if","locations":[{"start":{"line":10,"column":4},"end":{"line":14,"column":null}}]},"3":{"loc":{"start":{"line":11,"column":8},"end":{"line":13,"column":null}},"type":"if","locations":[{"start":{"line":11,"column":8},"end":{"line":13,"column":null}}]},"4":{"loc":{"start":{"line":16,"column":4},"end":{"line":23,"column":null}},"type":"if","locations":[{"start":{"line":16,"column":4},"end":{"line":23,"column":null}}]},"5":{"loc":{"start":{"line":17,"column":8},"end":{"line":22,"column":null}},"type":"if","locations":[{"start":{"line":17,"column":8},"end":{"line":22,"column":null}},{"start":{"line":20,"column":13},"end":{"line":22,"column":null}}]},"6":{"loc":{"start":{"line":20,"column":13},"end":{"line":22,"column":null}},"type":"if","locations":[{"start":{"line":20,"column":13},"end":{"line":22,"column":null}}]}},"s":{"0":2,"1":7,"2":7,"3":2,"4":2,"5":7,"6":2,"7":2,"8":7,"9":3,"10":1,"11":2,"12":2,"13":7,"14":2},"f":{"0":7},"b":{"0":[2],"1":[2],"2":[2],"3":[2],"4":[3],"5":[1,2],"6":[2]}}
}
