TN:
SF:src\actions\actionTypes.ts
FNF:0
FNH:0
DA:1,4
DA:2,4
LF:2
LH:2
BRF:0
BRH:0
end_of_record
TN:
SF:src\components\BarGraph\BarGraph.tsx
FN:5,(anonymous_0)
FN:20,(anonymous_1)
FN:27,(anonymous_2)
FNF:3
FNH:3
FNDA:8,(anonymous_0)
FNDA:4,(anonymous_1)
FNDA:4,(anonymous_2)
DA:1,1
DA:2,1
DA:5,1
DA:17,8
DA:18,8
DA:20,8
DA:21,4
DA:22,4
DA:23,4
DA:24,4
DA:25,4
DA:27,4
DA:34,4
DA:69,4
DA:70,4
DA:73,8
DA:80,1
LF:17
LH:17
BRDA:8,0,0,8
BRDA:9,1,0,8
BRDA:40,2,0,4
BRDA:40,2,1,4
BRDA:47,3,0,4
BRDA:47,3,1,4
BRDA:49,4,0,4
BRDA:49,4,1,4
BRDA:59,5,0,4
BRDA:59,5,1,4
BRDA:62,6,0,4
BRDA:62,6,1,4
BRDA:63,7,0,0
BRDA:63,7,1,4
BRF:14
BRH:13
end_of_record
TN:
SF:src\components\ChartTiles\ChartTiles.tsx
FN:4,ChartTiles
FNF:1
FNH:1
FNDA:8,ChartTiles
DA:1,1
DA:6,8
DA:15,1
LF:3
LH:3
BRF:0
BRH:0
end_of_record
TN:
SF:src\components\Form\FormInput.tsx
FN:5,FormInput
FNF:1
FNH:1
FNDA:33,FormInput
DA:2,1
DA:7,33
DA:9,33
DA:19,1
LF:4
LH:4
BRF:0
BRH:0
end_of_record
TN:
SF:src\components\Form\FormRadio.tsx
FN:7,FormRadio
FN:13,(anonymous_2)
FNF:2
FNH:2
FNDA:11,FormRadio
FNDA:22,(anonymous_2)
DA:1,1
DA:4,1
DA:9,11
DA:14,22
DA:32,1
LF:5
LH:5
BRF:0
BRH:0
end_of_record
TN:
SF:src\components\PieChart\PieChart.tsx
FN:4,(anonymous_0)
FNF:1
FNH:1
FNDA:4,(anonymous_0)
DA:1,1
DA:4,1
DA:12,4
DA:23,4
DA:33,4
DA:40,1
LF:6
LH:6
BRDA:27,0,0,4
BRDA:27,0,1,4
BRF:2
BRH:2
end_of_record
TN:
SF:src\components\Table\EmployeeTable.tsx
FN:7,EmployeeTable
FNF:1
FNH:1
FNDA:6,EmployeeTable
DA:1,2
DA:2,2
DA:3,2
DA:4,2
DA:5,2
DA:7,2
DA:8,6
DA:9,6
LF:8
LH:8
BRF:0
BRH:0
end_of_record
TN:
SF:src\context\EmployeeContext.tsx
FN:18,(anonymous_0)
FN:22,(anonymous_1)
FN:30,(anonymous_2)
FN:31,(anonymous_3)
FN:52,(anonymous_4)
FNF:5
FNH:0
FNDA:0,(anonymous_0)
FNDA:0,(anonymous_1)
FNDA:0,(anonymous_2)
FNDA:0,(anonymous_3)
FNDA:0,(anonymous_4)
DA:1,3
DA:3,3
DA:4,3
DA:15,3
DA:22,3
DA:24,0
DA:25,0
DA:30,0
DA:31,0
DA:32,0
DA:33,0
DA:34,0
DA:35,0
DA:36,0
DA:37,0
DA:39,0
DA:40,0
DA:43,0
DA:52,0
DA:53,0
DA:57,0
LF:21
LH:5
BRF:0
BRH:0
end_of_record
TN:
SF:src\pages\AddEmployee.tsx
FN:10,AddEmployee
FN:21,(anonymous_2)
FN:29,(anonymous_3)
FN:35,(anonymous_4)
FN:40,(anonymous_5)
FN:44,(anonymous_6)
FN:64,(anonymous_7)
FNF:7
FNH:7
FNDA:11,AddEmployee
FNDA:3,(anonymous_2)
FNDA:1,(anonymous_3)
FNDA:3,(anonymous_4)
FNDA:3,(anonymous_5)
FNDA:1,(anonymous_6)
FNDA:1,(anonymous_7)
DA:1,1
DA:2,1
DA:3,1
DA:4,1
DA:5,1
DA:7,1
DA:8,1
DA:11,11
DA:12,11
DA:14,11
DA:20,11
DA:21,11
DA:23,11
DA:29,11
DA:30,1
DA:31,1
DA:32,1
DA:35,11
DA:36,3
DA:37,3
DA:40,11
DA:41,3
DA:44,11
DA:45,1
DA:48,11
DA:64,1
DA:70,1
LF:27
LH:27
BRDA:21,0,0,11
BRDA:21,0,1,8
BRDA:21,0,2,2
BRDA:21,0,3,2
BRDA:21,0,4,1
BRF:5
BRH:5
end_of_record
TN:
SF:src\pages\Dashboard.tsx
FN:13,Dashboard
FN:24,(anonymous_2)
FNF:2
FNH:2
FNDA:5,Dashboard
FNDA:1,(anonymous_2)
DA:1,1
DA:2,1
DA:3,1
DA:4,1
DA:5,1
DA:6,1
DA:7,1
DA:8,1
DA:9,1
DA:10,1
DA:14,5
DA:15,5
DA:16,5
DA:17,5
DA:19,5
DA:24,1
DA:47,1
LF:17
LH:17
BRDA:22,0,0,4
BRDA:22,0,1,1
BRF:2
BRH:2
end_of_record
TN:
SF:src\reducers\EmployeeReducer.ts
FN:4,(anonymous_0)
FNF:1
FNH:1
FNDA:3,(anonymous_0)
DA:2,4
DA:4,4
DA:5,3
DA:7,1
DA:9,1
DA:11,1
LF:6
LH:6
BRDA:5,0,0,1
BRDA:5,0,1,1
BRDA:5,0,2,1
BRF:3
BRH:3
end_of_record
TN:
SF:src\utility\employeeDetail.ts
FN:10,countItems
FN:13,(anonymous_1)
FN:27,getBarGraphData
FN:30,(anonymous_3)
FN:45,getPieChartData
FNF:5
FNH:5
FNDA:10,countItems
FNDA:20,(anonymous_1)
FNDA:5,getBarGraphData
FNDA:5,(anonymous_3)
FNDA:5,getPieChartData
DA:11,10
DA:13,10
DA:14,20
DA:15,20
DA:18,10
DA:27,1
DA:28,5
DA:30,5
DA:35,5
DA:45,1
DA:46,5
DA:48,5
DA:49,5
DA:51,5
LF:14
LH:14
BRDA:15,0,0,20
BRDA:15,0,1,15
BRF:2
BRH:2
end_of_record
TN:
SF:src\utility\validateForm.ts
FN:3,(anonymous_0)
FNF:1
FNH:1
FNDA:7,(anonymous_0)
DA:3,2
DA:4,7
DA:5,7
DA:6,2
DA:7,2
DA:10,7
DA:11,2
DA:12,2
DA:16,7
DA:17,3
DA:18,1
DA:20,2
DA:21,2
DA:25,7
LF:14
LH:14
BRDA:5,0,0,2
BRDA:6,1,0,2
BRDA:10,2,0,2
BRDA:11,3,0,2
BRDA:16,4,0,3
BRDA:17,5,0,1
BRDA:17,5,1,2
BRDA:20,6,0,2
BRF:8
BRH:8
end_of_record
